<?xml version="1.0" encoding="UTF-8"?>
<!-- Generated by org.testng.reporters.JUnitReportReporter -->
<testsuite hostname="DESKTOP-OMC651B" failures="0" tests="1" name="com.k.testcases.LoginTest" time="4.231" errors="0" timestamp="17 Nov 2021 11:45:03 GMT" skipped="0">
  <testcase classname="com.k.testcases.LoginTest" name="loginAsBankManager" time="4.231"/>
</testsuite> <!-- com.k.testcases.LoginTest -->
