<?xml version="1.0" encoding="UTF-8"?>
<!-- Generated by org.testng.reporters.JUnitReportReporter -->
<testsuite hostname="DESKTOP-OMC651B" failures="0" tests="1" name="com.k.testcases.OpenAccountTest" time="3.667" errors="0" timestamp="29 Nov 2021 09:09:25 GMT" skipped="0">
  <testcase classname="com.k.testcases.OpenAccountTest" name="openAccountTest" time="3.667"/>
</testsuite> <!-- com.k.testcases.OpenAccountTest -->
