<?xml version="1.0" encoding="UTF-8"?>
<!-- Generated by org.testng.reporters.JUnitReportReporter -->
<testsuite hostname="DESKTOP-OMC651B" failures="0" tests="6" name="com.k.testcases.AddCustomerTest" time="4.079" errors="0" timestamp="29 Nov 2021 09:09:25 GMT" skipped="2">
  <testcase classname="com.k.testcases.AddCustomerTest" name="addCustomerTest" time="2.392"/>
  <testcase classname="com.k.testcases.AddCustomerTest" name="addCustomerTest" time="0.002">
    <skipped/>
  </testcase> <!-- addCustomerTest -->
  <testcase classname="com.k.testcases.AddCustomerTest" name="addCustomerTest" time="0.493"/>
  <testcase classname="com.k.testcases.AddCustomerTest" name="addCustomerTest" time="0.545"/>
  <testcase classname="com.k.testcases.AddCustomerTest" name="addCustomerTest" time="0.644"/>
  <testcase classname="com.k.testcases.AddCustomerTest" name="addCustomerTest" time="0.003">
    <skipped/>
  </testcase> <!-- addCustomerTest -->
</testsuite> <!-- com.k.testcases.AddCustomerTest -->
