<?xml version="1.0" encoding="UTF-8"?>
<!-- Generated by org.testng.reporters.JUnitReportReporter -->
<testsuite hostname="DESKTOP-OMC651B" failures="0" tests="1" name="com.k.testcases.BankManagerLoginTest" time="4.368" errors="0" timestamp="29 Nov 2021 09:09:25 GMT" skipped="0">
  <testcase classname="com.k.testcases.BankManagerLoginTest" name="bankManagerLoginTest" time="4.368"/>
</testsuite> <!-- com.k.testcases.BankManagerLoginTest -->
