<?xml version="1.0" encoding="UTF-8"?>
<!-- Generated by org.testng.reporters.JUnitReportReporter -->
<testsuite hostname="DESKTOP-OMC651B" failures="0" tests="6" name="com.k.testcases.AddCustomerTest" time="3.116" errors="0" timestamp="29 Nov 2021 09:17:18 GMT" skipped="2">
  <testcase classname="com.k.testcases.AddCustomerTest" name="addCustomerTest" time="1.569"/>
  <testcase classname="com.k.testcases.AddCustomerTest" name="addCustomerTest" time="0.470"/>
  <testcase classname="com.k.testcases.AddCustomerTest" name="addCustomerTest" time="0.564"/>
  <testcase classname="com.k.testcases.AddCustomerTest" name="addCustomerTest" time="0.001">
    <skipped/>
  </testcase> <!-- addCustomerTest -->
  <testcase classname="com.k.testcases.AddCustomerTest" name="addCustomerTest" time="0.000">
    <skipped/>
  </testcase> <!-- addCustomerTest -->
  <testcase classname="com.k.testcases.AddCustomerTest" name="addCustomerTest" time="0.512"/>
</testsuite> <!-- com.k.testcases.AddCustomerTest -->
